<?xml version="1.0" encoding="UTF-8"?>
<!-- Generated by org.testng.reporters.JUnitXMLReporter -->
<testsuite ignored="0" hostname="LAPTOP-NGUOAT55" failures="0" tests="1" name="Test" time="0.097" errors="0" timestamp="05 Apr 2022 15:30:20 GMT">
  <testcase classname="com.Selenium.FbTestClass" name="@BeforeClass BrowserSetUP" time="0.014">
    <failure type="java.lang.NullPointerException">
      <![CDATA[java.lang.NullPointerException
at com.Selenium.FbTestClass.BrowserSetUP(com.Selenium.FbTestClass.java:16)
... Removed 26 stack frames]]>
    </failure>
  </testcase> <!-- @BeforeClass BrowserSetUP -->
  <testcase classname="com.Selenium.FbTestClass" name="@BeforeMethod appLogin" time="0.0">
    <skipped/>
  </testcase> <!-- @BeforeMethod appLogin -->
  <testcase classname="com.Selenium.FbTestClass" name="@AfterMethod logOut" time="0.0">
    <skipped/>
  </testcase> <!-- @AfterMethod logOut -->
  <testcase classname="com.Selenium.FbTestClass" name="@AfterClass tearDown" time="0.0">
    <skipped/>
  </testcase> <!-- @AfterClass tearDown -->
  <testcase classname="com.Selenium.FbTestClass" name="FbLoginTest" time="0.0">
    <skipped/>
  </testcase> <!-- FbLoginTest -->
</testsuite> <!-- Test -->
