<?xml version="1.0" encoding="UTF-8"?>
<testng-results ignored="0" total="1" passed="1" failed="0" skipped="0">
  <reporter-output>
  </reporter-output>
  <suite started-at="2022-07-08T20:46:42 IST" name="Default suite" finished-at="2022-07-08T20:46:42 IST" duration-ms="62">
    <groups>
    </groups>
    <test started-at="2022-07-08T20:46:42 IST" name="Default test" finished-at="2022-07-08T20:46:42 IST" duration-ms="62">
      <class name="string.Programs.Practice">
        <test-method signature="oodEven()[pri:0, instance:string.Programs.Practice@1700915]" started-at="2022-07-08T20:46:42 IST" name="oodEven" finished-at="2022-07-08T20:46:42 IST" duration-ms="12" status="PASS">
          <reporter-output>
          </reporter-output>
        </test-method> <!-- oodEven -->
      </class> <!-- string.Programs.Practice -->
    </test> <!-- Default test -->
  </suite> <!-- Default suite -->
</testng-results>
